<testsuites id="" name="" tests="10" failures="9" skipped="0" errors="0" time="42.766167">
<testsuite name="photo-upload.test.js" timestamp="2025-09-28T15:44:08.717Z" hostname="chromium" tests="10" failures="9" skipped="0" time="178.716" errors="0">
<testcase name="Photo Upload Functionality - Comprehensive E2E Tests › should upload single photo successfully" classname="photo-upload.test.js" time="11.154">
<failure message="photo-upload.test.js:17:3 should upload single photo successfully" type="FAILURE">
<![CDATA[  [chromium] › photo-upload.test.js:17:3 › Photo Upload Functionality - Comprehensive E2E Tests › should upload single photo successfully 

    Error: expect(received).toBe(expected) // Object.is equality

    Expected: "Photo uploaded successfully!"
    Received: "Error: Upload failed: Unexpected token 'T', \"Too many r\"... is not valid JSON"

      26 |     // Handle alert dialog
      27 |     page.on('dialog', async dialog => {
    > 28 |       expect(dialog.message()).toBe('Photo uploaded successfully!');
         |                                ^
      29 |       await dialog.accept();
      30 |     });
      31 |
        at Page.<anonymous> (/Users/bobmaguire/repos/thanksgiving/tests/e2e/photo-upload.test.js:28:32)

    Error: page.waitForSelector: Test ended.
    Call log:
      - waiting for locator('#photoUploadModal') to be hidden
        2 × locator resolved to visible <div id="photoUploadModal">…</div>


      48 |     
      49 |     // Wait for modal to close (after alert is accepted)
    > 50 |     await page.waitForSelector('#photoUploadModal', { state: 'hidden' });
         |                ^
      51 |     
      52 |     // Verify photo appears in grid
      53 |     await page.waitForSelector('#photosGrid .photo-card');
        at /Users/bobmaguire/repos/thanksgiving/tests/e2e/photo-upload.test.js:50:16

    attachment #1: video (video/webm) ──────────────────────────────────────────────────────────────
    ../../test-results/photo-upload-Photo-Upload--08dff-d-single-photo-successfully-chromium/video.webm
    ────────────────────────────────────────────────────────────────────────────────────────────────
]]>
</failure>
<system-out>
<![CDATA[
[[ATTACHMENT|photo-upload-Photo-Upload--08dff-d-single-photo-successfully-chromium/video.webm]]
]]>
</system-out>
</testcase>
<testcase name="Photo Upload Functionality - Comprehensive E2E Tests › should upload multiple photos successfully" classname="photo-upload.test.js" time="11.091">
<failure message="photo-upload.test.js:63:3 should upload multiple photos successfully" type="FAILURE">
<![CDATA[  [chromium] › photo-upload.test.js:63:3 › Photo Upload Functionality - Comprehensive E2E Tests › should upload multiple photos successfully 

    Error: expect(received).toBe(expected) // Object.is equality

    Expected: "Photo uploaded successfully!"
    Received: "Error: Upload failed: Unexpected token 'T', \"Too many r\"... is not valid JSON"

      71 |     // Handle alert dialogs for success messages
      72 |     page.on('dialog', async dialog => {
    > 73 |       expect(dialog.message()).toBe('Photo uploaded successfully!');
         |                                ^
      74 |       await dialog.accept();
      75 |     });
      76 |
        at Page.<anonymous> (/Users/bobmaguire/repos/thanksgiving/tests/e2e/photo-upload.test.js:73:32)

    Error: page.waitForSelector: Test ended.
    Call log:
      - waiting for locator('#photoUploadModal') to be hidden
        2 × locator resolved to visible <div id="photoUploadModal">…</div>


      86 |     
      87 |     await page.click('button[type="submit"]');
    > 88 |     await page.waitForSelector('#photoUploadModal', { state: 'hidden' });
         |                ^
      89 |     
      90 |     // Verify first photo appears
      91 |     await page.waitForSelector('#photosGrid .photo-card');
        at /Users/bobmaguire/repos/thanksgiving/tests/e2e/photo-upload.test.js:88:16

    attachment #1: video (video/webm) ──────────────────────────────────────────────────────────────
    ../../test-results/photo-upload-Photo-Upload--9ef44-ultiple-photos-successfully-chromium/video.webm
    ────────────────────────────────────────────────────────────────────────────────────────────────
]]>
</failure>
<system-out>
<![CDATA[
[[ATTACHMENT|photo-upload-Photo-Upload--9ef44-ultiple-photos-successfully-chromium/video.webm]]
]]>
</system-out>
</testcase>
<testcase name="Photo Upload Functionality - Comprehensive E2E Tests › should handle upload errors gracefully" classname="photo-upload.test.js" time="1.129">
</testcase>
<testcase name="Photo Upload Functionality - Comprehensive E2E Tests › should display photos correctly after upload" classname="photo-upload.test.js" time="11.123">
<failure message="photo-upload.test.js:145:3 should display photos correctly after upload" type="FAILURE">
<![CDATA[  [chromium] › photo-upload.test.js:145:3 › Photo Upload Functionality - Comprehensive E2E Tests › should display photos correctly after upload 

    Error: expect(received).toBe(expected) // Object.is equality

    Expected: "Photo uploaded successfully!"
    Received: "Error: Upload failed: Unexpected token 'T', \"Too many r\"... is not valid JSON"

      146 |     // Handle alert dialog for success message
      147 |     page.on('dialog', async dialog => {
    > 148 |       expect(dialog.message()).toBe('Photo uploaded successfully!');
          |                                ^
      149 |       await dialog.accept();
      150 |     });
      151 |
        at Page.<anonymous> (/Users/bobmaguire/repos/thanksgiving/tests/e2e/photo-upload.test.js:148:32)

    Error: page.waitForSelector: Test ended.
    Call log:
      - waiting for locator('#photoUploadModal') to be hidden
        2 × locator resolved to visible <div id="photoUploadModal">…</div>


      161 |     
      162 |     await page.click('button[type="submit"]');
    > 163 |     await page.waitForSelector('#photoUploadModal', { state: 'hidden' });
          |                ^
      164 |     
      165 |     // Verify photo card elements
      166 |     const photoCard = page.locator('#photosGrid .photo-card').first();
        at /Users/bobmaguire/repos/thanksgiving/tests/e2e/photo-upload.test.js:163:16

    attachment #1: video (video/webm) ──────────────────────────────────────────────────────────────
    ../../test-results/photo-upload-Photo-Upload--4a778-otos-correctly-after-upload-chromium/video.webm
    ────────────────────────────────────────────────────────────────────────────────────────────────
]]>
</failure>
<system-out>
<![CDATA[
[[ATTACHMENT|photo-upload-Photo-Upload--4a778-otos-correctly-after-upload-chromium/video.webm]]
]]>
</system-out>
</testcase>
<testcase name="Photo Upload Functionality - Comprehensive E2E Tests › should handle photo viewing without accessibility errors" classname="photo-upload.test.js" time="11.146">
<failure message="photo-upload.test.js:191:3 should handle photo viewing without accessibility errors" type="FAILURE">
<![CDATA[  [chromium] › photo-upload.test.js:191:3 › Photo Upload Functionality - Comprehensive E2E Tests › should handle photo viewing without accessibility errors 

    Error: expect(received).toBe(expected) // Object.is equality

    Expected: "Photo uploaded successfully!"
    Received: "Error: Upload failed: Unexpected token 'T', \"Too many r\"... is not valid JSON"

      192 |     // Handle alert dialog for success message
      193 |     page.on('dialog', async dialog => {
    > 194 |       expect(dialog.message()).toBe('Photo uploaded successfully!');
          |                                ^
      195 |       await dialog.accept();
      196 |     });
      197 |
        at Page.<anonymous> (/Users/bobmaguire/repos/thanksgiving/tests/e2e/photo-upload.test.js:194:32)

    Error: page.waitForSelector: Test ended.
    Call log:
      - waiting for locator('#photoUploadModal') to be hidden
        2 × locator resolved to visible <div id="photoUploadModal">…</div>


      207 |     
      208 |     await page.click('button[type="submit"]');
    > 209 |     await page.waitForSelector('#photoUploadModal', { state: 'hidden' });
          |                ^
      210 |     
      211 |     // Wait for photo to appear
      212 |     await page.waitForSelector('#photosGrid .photo-card');
        at /Users/bobmaguire/repos/thanksgiving/tests/e2e/photo-upload.test.js:209:16

    attachment #1: video (video/webm) ──────────────────────────────────────────────────────────────
    ../../test-results/photo-upload-Photo-Upload--8e34b-ithout-accessibility-errors-chromium/video.webm
    ────────────────────────────────────────────────────────────────────────────────────────────────
]]>
</failure>
<system-out>
<![CDATA[
[[ATTACHMENT|photo-upload-Photo-Upload--8e34b-ithout-accessibility-errors-chromium/video.webm]]
]]>
</system-out>
</testcase>
<testcase name="Photo Upload Functionality - Comprehensive E2E Tests › should handle photo deletion" classname="photo-upload.test.js" time="30.454">
<failure message="photo-upload.test.js:239:3 should handle photo deletion" type="FAILURE">
<![CDATA[  [chromium] › photo-upload.test.js:239:3 › Photo Upload Functionality - Comprehensive E2E Tests › should handle photo deletion 

    Test timeout of 30000ms exceeded.

    Error: page.waitForSelector: Test timeout of 30000ms exceeded.
    Call log:
      - waiting for locator('#photoUploadModal') to be hidden
        63 × locator resolved to visible <div id="photoUploadModal">…</div>


      261 |     
      262 |     await page.click('button[type="submit"]');
    > 263 |     await page.waitForSelector('#photoUploadModal', { state: 'hidden' });
          |                ^
      264 |     
      265 |     // Verify photo appears
      266 |     await page.waitForSelector('#photosGrid .photo-card');
        at /Users/bobmaguire/repos/thanksgiving/tests/e2e/photo-upload.test.js:263:16

    attachment #1: screenshot (image/png) ──────────────────────────────────────────────────────────
    ../../test-results/photo-upload-Photo-Upload--62951-hould-handle-photo-deletion-chromium/test-failed-1.png
    ────────────────────────────────────────────────────────────────────────────────────────────────

    attachment #2: video (video/webm) ──────────────────────────────────────────────────────────────
    ../../test-results/photo-upload-Photo-Upload--62951-hould-handle-photo-deletion-chromium/video.webm
    ────────────────────────────────────────────────────────────────────────────────────────────────

    Error Context: ../../test-results/photo-upload-Photo-Upload--62951-hould-handle-photo-deletion-chromium/error-context.md
]]>
</failure>
<system-out>
<![CDATA[
[[ATTACHMENT|photo-upload-Photo-Upload--62951-hould-handle-photo-deletion-chromium/test-failed-1.png]]

[[ATTACHMENT|photo-upload-Photo-Upload--62951-hould-handle-photo-deletion-chromium/video.webm]]

[[ATTACHMENT|photo-upload-Photo-Upload--62951-hould-handle-photo-deletion-chromium/error-context.md]]
]]>
</system-out>
</testcase>
<testcase name="Photo Upload Functionality - Comprehensive E2E Tests › should not have Bootstrap errors during multiple uploads" classname="photo-upload.test.js" time="11.097">
<failure message="photo-upload.test.js:283:3 should not have Bootstrap errors during multiple uploads" type="FAILURE">
<![CDATA[  [chromium] › photo-upload.test.js:283:3 › Photo Upload Functionality - Comprehensive E2E Tests › should not have Bootstrap errors during multiple uploads 

    Error: expect(received).toBe(expected) // Object.is equality

    Expected: "Photo uploaded successfully!"
    Received: "Error: Upload failed: Unexpected token 'T', \"Too many r\"... is not valid JSON"

      291 |     // Handle alert dialogs for success messages
      292 |     page.on('dialog', async dialog => {
    > 293 |       expect(dialog.message()).toBe('Photo uploaded successfully!');
          |                                ^
      294 |       await dialog.accept();
      295 |     });
      296 |
        at Page.<anonymous> (/Users/bobmaguire/repos/thanksgiving/tests/e2e/photo-upload.test.js:293:32)

    Error: page.waitForSelector: Test ended.
    Call log:
      - waiting for locator('#photoUploadModal') to be hidden


      307 |       
      308 |       await page.click('button[type="submit"]');
    > 309 |       await page.waitForSelector('#photoUploadModal', { state: 'hidden' });
          |                  ^
      310 |       
      311 |       // Wait for photo to appear
      312 |       await page.waitForTimeout(500);
        at /Users/bobmaguire/repos/thanksgiving/tests/e2e/photo-upload.test.js:309:18

    attachment #1: video (video/webm) ──────────────────────────────────────────────────────────────
    ../../test-results/photo-upload-Photo-Upload--7a5df-ors-during-multiple-uploads-chromium/video.webm
    ────────────────────────────────────────────────────────────────────────────────────────────────
]]>
</failure>
<system-out>
<![CDATA[
[[ATTACHMENT|photo-upload-Photo-Upload--7a5df-ors-during-multiple-uploads-chromium/video.webm]]
]]>
</system-out>
</testcase>
<testcase name="Photo Upload Functionality - Comprehensive E2E Tests › should handle search functionality" classname="photo-upload.test.js" time="30.528">
<failure message="photo-upload.test.js:332:3 should handle search functionality" type="FAILURE">
<![CDATA[  [chromium] › photo-upload.test.js:332:3 › Photo Upload Functionality - Comprehensive E2E Tests › should handle search functionality 

    Test timeout of 30000ms exceeded.

    Error: page.click: Test timeout of 30000ms exceeded.
    Call log:
      - waiting for locator('button:has-text("Upload Photo")')


      338 |
      339 |     // Upload a photo first
    > 340 |     await page.click('button:has-text("Upload Photo")');
          |                ^
      341 |     await page.waitForSelector('#photoUploadModal', { state: 'visible' });
      342 |     
      343 |     const fileInput = page.locator('#photoFile');
        at /Users/bobmaguire/repos/thanksgiving/tests/e2e/photo-upload.test.js:340:16

    attachment #1: screenshot (image/png) ──────────────────────────────────────────────────────────
    ../../test-results/photo-upload-Photo-Upload--fd0b2-handle-search-functionality-chromium/test-failed-1.png
    ────────────────────────────────────────────────────────────────────────────────────────────────

    attachment #2: video (video/webm) ──────────────────────────────────────────────────────────────
    ../../test-results/photo-upload-Photo-Upload--fd0b2-handle-search-functionality-chromium/video.webm
    ────────────────────────────────────────────────────────────────────────────────────────────────

    Error Context: ../../test-results/photo-upload-Photo-Upload--fd0b2-handle-search-functionality-chromium/error-context.md
]]>
</failure>
<system-out>
<![CDATA[
[[ATTACHMENT|photo-upload-Photo-Upload--fd0b2-handle-search-functionality-chromium/test-failed-1.png]]

[[ATTACHMENT|photo-upload-Photo-Upload--fd0b2-handle-search-functionality-chromium/video.webm]]

[[ATTACHMENT|photo-upload-Photo-Upload--fd0b2-handle-search-functionality-chromium/error-context.md]]
]]>
</system-out>
</testcase>
<testcase name="Photo Upload Functionality - Comprehensive E2E Tests › should handle sort functionality" classname="photo-upload.test.js" time="30.499">
<failure message="photo-upload.test.js:367:3 should handle sort functionality" type="FAILURE">
<![CDATA[  [chromium] › photo-upload.test.js:367:3 › Photo Upload Functionality - Comprehensive E2E Tests › should handle sort functionality 

    Test timeout of 30000ms exceeded.

    Error: page.click: Test timeout of 30000ms exceeded.
    Call log:
      - waiting for locator('button:has-text("Upload Photo")')


      374 |     // Upload multiple photos
      375 |     for (let i = 1; i <= 2; i++) {
    > 376 |       await page.click('button:has-text("Upload Photo")');
          |                  ^
      377 |       await page.waitForSelector('#photoUploadModal', { state: 'visible' });
      378 |       
      379 |       const fileInput = page.locator('#photoFile');
        at /Users/bobmaguire/repos/thanksgiving/tests/e2e/photo-upload.test.js:376:18

    attachment #1: screenshot (image/png) ──────────────────────────────────────────────────────────
    ../../test-results/photo-upload-Photo-Upload--056f2-d-handle-sort-functionality-chromium/test-failed-1.png
    ────────────────────────────────────────────────────────────────────────────────────────────────

    attachment #2: video (video/webm) ──────────────────────────────────────────────────────────────
    ../../test-results/photo-upload-Photo-Upload--056f2-d-handle-sort-functionality-chromium/video.webm
    ────────────────────────────────────────────────────────────────────────────────────────────────

    Error Context: ../../test-results/photo-upload-Photo-Upload--056f2-d-handle-sort-functionality-chromium/error-context.md
]]>
</failure>
<system-out>
<![CDATA[
[[ATTACHMENT|photo-upload-Photo-Upload--056f2-d-handle-sort-functionality-chromium/test-failed-1.png]]

[[ATTACHMENT|photo-upload-Photo-Upload--056f2-d-handle-sort-functionality-chromium/video.webm]]

[[ATTACHMENT|photo-upload-Photo-Upload--056f2-d-handle-sort-functionality-chromium/error-context.md]]
]]>
</system-out>
</testcase>
<testcase name="Photo Upload Functionality - Comprehensive E2E Tests › should handle clear filters functionality" classname="photo-upload.test.js" time="30.495">
<failure message="photo-upload.test.js:403:3 should handle clear filters functionality" type="FAILURE">
<![CDATA[  [chromium] › photo-upload.test.js:403:3 › Photo Upload Functionality - Comprehensive E2E Tests › should handle clear filters functionality 

    Test timeout of 30000ms exceeded.

    Error: page.click: Test timeout of 30000ms exceeded.
    Call log:
      - waiting for locator('button:has-text("Upload Photo")')


      409 |
      410 |     // Upload a photo first
    > 411 |     await page.click('button:has-text("Upload Photo")');
          |                ^
      412 |     await page.waitForSelector('#photoUploadModal', { state: 'visible' });
      413 |     
      414 |     const fileInput = page.locator('#photoFile');
        at /Users/bobmaguire/repos/thanksgiving/tests/e2e/photo-upload.test.js:411:16

    attachment #1: screenshot (image/png) ──────────────────────────────────────────────────────────
    ../../test-results/photo-upload-Photo-Upload--b93bf-clear-filters-functionality-chromium/test-failed-1.png
    ────────────────────────────────────────────────────────────────────────────────────────────────

    attachment #2: video (video/webm) ──────────────────────────────────────────────────────────────
    ../../test-results/photo-upload-Photo-Upload--b93bf-clear-filters-functionality-chromium/video.webm
    ────────────────────────────────────────────────────────────────────────────────────────────────

    Error Context: ../../test-results/photo-upload-Photo-Upload--b93bf-clear-filters-functionality-chromium/error-context.md
]]>
</failure>
<system-out>
<![CDATA[
[[ATTACHMENT|photo-upload-Photo-Upload--b93bf-clear-filters-functionality-chromium/test-failed-1.png]]

[[ATTACHMENT|photo-upload-Photo-Upload--b93bf-clear-filters-functionality-chromium/video.webm]]

[[ATTACHMENT|photo-upload-Photo-Upload--b93bf-clear-filters-functionality-chromium/error-context.md]]
]]>
</system-out>
</testcase>
</testsuite>
</testsuites>