<testsuites id="" name="" tests="9" failures="1" skipped="0" errors="0" time="6.969092000000001">
<testsuite name="smoke.spec.ts" timestamp="2025-09-29T23:17:34.003Z" hostname="chromium" tests="9" failures="1" skipped="0" time="14.538" errors="0">
<testcase name="Smoke Tests - End-to-End › homepage should load and display menus" classname="smoke.spec.ts" time="0.489">
</testcase>
<testcase name="Smoke Tests - End-to-End › should navigate to menu detail page" classname="smoke.spec.ts" time="0.489">
</testcase>
<testcase name="Smoke Tests - End-to-End › version API should return correct response" classname="smoke.spec.ts" time="1.979">
</testcase>
<testcase name="Smoke Tests - End-to-End › database setup API should work" classname="smoke.spec.ts" time="1.999">
</testcase>
<testcase name="Smoke Tests - End-to-End › should display Grandma Maguire image correctly" classname="smoke.spec.ts" time="0.488">
</testcase>
<testcase name="Smoke Tests - End-to-End › should be responsive on mobile" classname="smoke.spec.ts" time="0.494">
</testcase>
<testcase name="Smoke Tests - End-to-End › should handle 404 pages gracefully" classname="smoke.spec.ts" time="5.358">
<failure message="smoke.spec.ts:96:7 should handle 404 pages gracefully" type="FAILURE">
<![CDATA[  [chromium] › smoke.spec.ts:96:7 › Smoke Tests - End-to-End › should handle 404 pages gracefully ──

    Error: expect(locator).toContainText(expected) failed

    Locator: locator('h1')
    Expected string: "Error"
    Received: <element(s) not found>
    Timeout: 5000ms

    Call log:
      - Expect "toContainText" with timeout 5000ms
      - waiting for locator('h1')


       99 |     
      100 |     // Check that error page is displayed
    > 101 |     await expect(page.locator('h1')).toContainText('Error');
          |                                      ^
      102 |   });
      103 |
      104 |   test('should load all required CSS and JavaScript', async ({ page }) => {
        at /Users/bobmaguire/repos/thanksgiving/tests/e2e/smoke.spec.ts:101:38

    attachment #1: screenshot (image/png) ──────────────────────────────────────────────────────────
    ../../test-results/smoke-Smoke-Tests---End-to-482a8-handle-404-pages-gracefully-chromium/test-failed-1.png
    ────────────────────────────────────────────────────────────────────────────────────────────────

    attachment #2: video (video/webm) ──────────────────────────────────────────────────────────────
    ../../test-results/smoke-Smoke-Tests---End-to-482a8-handle-404-pages-gracefully-chromium/video.webm
    ────────────────────────────────────────────────────────────────────────────────────────────────

    Error Context: ../../test-results/smoke-Smoke-Tests---End-to-482a8-handle-404-pages-gracefully-chromium/error-context.md
]]>
</failure>
<system-out>
<![CDATA[
[[ATTACHMENT|smoke-Smoke-Tests---End-to-482a8-handle-404-pages-gracefully-chromium/test-failed-1.png]]

[[ATTACHMENT|smoke-Smoke-Tests---End-to-482a8-handle-404-pages-gracefully-chromium/video.webm]]

[[ATTACHMENT|smoke-Smoke-Tests---End-to-482a8-handle-404-pages-gracefully-chromium/error-context.md]]
]]>
</system-out>
</testcase>
<testcase name="Smoke Tests - End-to-End › should load all required CSS and JavaScript" classname="smoke.spec.ts" time="1.621">
</testcase>
<testcase name="Smoke Tests - End-to-End › should have proper meta tags" classname="smoke.spec.ts" time="1.621">
</testcase>
</testsuite>
</testsuites>