<testsuites id="" name="" tests="45" failures="35" skipped="0" errors="0" time="27.875262">
<testsuite name="smoke.spec.ts" timestamp="2025-09-24T20:47:41.382Z" hostname="chromium" tests="9" failures="5" skipped="0" time="34.992" errors="0">
<testcase name="Smoke Tests - End-to-End › homepage should load and display menus" classname="smoke.spec.ts" time="5.605">
<failure message="smoke.spec.ts:4:7 homepage should load and display menus" type="FAILURE">
<![CDATA[  [chromium] › smoke.spec.ts:4:7 › Smoke Tests - End-to-End › homepage should load and display menus 

    Error: expect(locator).toHaveCount(expected) failed

    Locator:  locator('.menu-card')
    Expected: 1
    Received: 0
    Timeout:  5000ms

    Call log:
      - Expect "toHaveCount" with timeout 5000ms
      - waiting for locator('.menu-card')
        9 × locator resolved to 0 elements
          - unexpected value "0"


      16 |     // Check that menu cards are displayed
      17 |     const menuCards = page.locator('.menu-card');
    > 18 |     await expect(menuCards).toHaveCount(1);
         |                             ^
      19 |     
      20 |     // Check that at least one menu card has expected content
      21 |     const firstCard = menuCards.first();
        at /Users/bobmaguire/repos/thanksgiving/tests/e2e/smoke.spec.ts:18:29

    attachment #1: screenshot (image/png) ──────────────────────────────────────────────────────────
    ../../test-results/smoke-Smoke-Tests---End-to-b1c3a-ould-load-and-display-menus-chromium/test-failed-1.png
    ────────────────────────────────────────────────────────────────────────────────────────────────

    attachment #2: video (video/webm) ──────────────────────────────────────────────────────────────
    ../../test-results/smoke-Smoke-Tests---End-to-b1c3a-ould-load-and-display-menus-chromium/video.webm
    ────────────────────────────────────────────────────────────────────────────────────────────────

    Error Context: ../../test-results/smoke-Smoke-Tests---End-to-b1c3a-ould-load-and-display-menus-chromium/error-context.md
]]>
</failure>
<system-out>
<![CDATA[
[[ATTACHMENT|smoke-Smoke-Tests---End-to-b1c3a-ould-load-and-display-menus-chromium/test-failed-1.png]]

[[ATTACHMENT|smoke-Smoke-Tests---End-to-b1c3a-ould-load-and-display-menus-chromium/video.webm]]

[[ATTACHMENT|smoke-Smoke-Tests---End-to-b1c3a-ould-load-and-display-menus-chromium/error-context.md]]
]]>
</system-out>
</testcase>
<testcase name="Smoke Tests - End-to-End › should navigate to menu detail page" classname="smoke.spec.ts" time="5.578">
<failure message="smoke.spec.ts:26:7 should navigate to menu detail page" type="FAILURE">
<![CDATA[  [chromium] › smoke.spec.ts:26:7 › Smoke Tests - End-to-End › should navigate to menu detail page ─

    Error: expect(locator).toBeVisible() failed

    Locator:  locator('.btn-view-details').first()
    Expected: visible
    Received: <element(s) not found>
    Timeout:  5000ms

    Call log:
      - Expect "toBeVisible" with timeout 5000ms
      - waiting for locator('.btn-view-details').first()


      29 |     // Click on the first "View Details" button (using btn-view-details class)
      30 |     const firstViewDetailsButton = page.locator('.btn-view-details').first();
    > 31 |     await expect(firstViewDetailsButton).toBeVisible();
         |                                          ^
      32 |     await firstViewDetailsButton.click();
      33 |     
      34 |     // Should navigate to detail page
        at /Users/bobmaguire/repos/thanksgiving/tests/e2e/smoke.spec.ts:31:42

    attachment #1: screenshot (image/png) ──────────────────────────────────────────────────────────
    ../../test-results/smoke-Smoke-Tests---End-to-91342-avigate-to-menu-detail-page-chromium/test-failed-1.png
    ────────────────────────────────────────────────────────────────────────────────────────────────

    attachment #2: video (video/webm) ──────────────────────────────────────────────────────────────
    ../../test-results/smoke-Smoke-Tests---End-to-91342-avigate-to-menu-detail-page-chromium/video.webm
    ────────────────────────────────────────────────────────────────────────────────────────────────

    Error Context: ../../test-results/smoke-Smoke-Tests---End-to-91342-avigate-to-menu-detail-page-chromium/error-context.md
]]>
</failure>
<system-out>
<![CDATA[
[[ATTACHMENT|smoke-Smoke-Tests---End-to-91342-avigate-to-menu-detail-page-chromium/test-failed-1.png]]

[[ATTACHMENT|smoke-Smoke-Tests---End-to-91342-avigate-to-menu-detail-page-chromium/video.webm]]

[[ATTACHMENT|smoke-Smoke-Tests---End-to-91342-avigate-to-menu-detail-page-chromium/error-context.md]]
]]>
</system-out>
</testcase>
<testcase name="Smoke Tests - End-to-End › version API should return correct response" classname="smoke.spec.ts" time="2.391">
</testcase>
<testcase name="Smoke Tests - End-to-End › database setup API should work" classname="smoke.spec.ts" time="2.533">
</testcase>
<testcase name="Smoke Tests - End-to-End › should display Grandma Maguire image correctly" classname="smoke.spec.ts" time="0.489">
</testcase>
<testcase name="Smoke Tests - End-to-End › should be responsive on mobile" classname="smoke.spec.ts" time="5.571">
<failure message="smoke.spec.ts:94:7 should be responsive on mobile" type="FAILURE">
<![CDATA[  [chromium] › smoke.spec.ts:94:7 › Smoke Tests - End-to-End › should be responsive on mobile ──────

    Error: expect(locator).toBeVisible() failed

    Locator:  locator('.menu-card').first()
    Expected: visible
    Received: <element(s) not found>
    Timeout:  5000ms

    Call log:
      - Expect "toBeVisible" with timeout 5000ms
      - waiting for locator('.menu-card').first()


      104 |     // Check that menu cards stack vertically
      105 |     const menuCards = page.locator('.menu-card');
    > 106 |     await expect(menuCards.first()).toBeVisible();
          |                                     ^
      107 |   });
      108 |
      109 |   test('should handle 404 pages gracefully', async ({ page }) => {
        at /Users/bobmaguire/repos/thanksgiving/tests/e2e/smoke.spec.ts:106:37

    attachment #1: screenshot (image/png) ──────────────────────────────────────────────────────────
    ../../test-results/smoke-Smoke-Tests---End-to-9a03d-uld-be-responsive-on-mobile-chromium/test-failed-1.png
    ────────────────────────────────────────────────────────────────────────────────────────────────

    attachment #2: video (video/webm) ──────────────────────────────────────────────────────────────
    ../../test-results/smoke-Smoke-Tests---End-to-9a03d-uld-be-responsive-on-mobile-chromium/video.webm
    ────────────────────────────────────────────────────────────────────────────────────────────────

    Error Context: ../../test-results/smoke-Smoke-Tests---End-to-9a03d-uld-be-responsive-on-mobile-chromium/error-context.md
]]>
</failure>
<system-out>
<![CDATA[
[[ATTACHMENT|smoke-Smoke-Tests---End-to-9a03d-uld-be-responsive-on-mobile-chromium/test-failed-1.png]]

[[ATTACHMENT|smoke-Smoke-Tests---End-to-9a03d-uld-be-responsive-on-mobile-chromium/video.webm]]

[[ATTACHMENT|smoke-Smoke-Tests---End-to-9a03d-uld-be-responsive-on-mobile-chromium/error-context.md]]
]]>
</system-out>
</testcase>
<testcase name="Smoke Tests - End-to-End › should handle 404 pages gracefully" classname="smoke.spec.ts" time="5.333">
<failure message="smoke.spec.ts:109:7 should handle 404 pages gracefully" type="FAILURE">
<![CDATA[  [chromium] › smoke.spec.ts:109:7 › Smoke Tests - End-to-End › should handle 404 pages gracefully ─

    Error: expect(locator).toContainText(expected) failed

    Locator: locator('h1')
    Expected string: "Error"
    Received: <element(s) not found>
    Timeout: 5000ms

    Call log:
      - Expect "toContainText" with timeout 5000ms
      - waiting for locator('h1')


      112 |     
      113 |     // Check that error page is displayed
    > 114 |     await expect(page.locator('h1')).toContainText('Error');
          |                                      ^
      115 |   });
      116 |
      117 |   test('should load all required CSS and JavaScript', async ({ page }) => {
        at /Users/bobmaguire/repos/thanksgiving/tests/e2e/smoke.spec.ts:114:38

    attachment #1: screenshot (image/png) ──────────────────────────────────────────────────────────
    ../../test-results/smoke-Smoke-Tests---End-to-482a8-handle-404-pages-gracefully-chromium/test-failed-1.png
    ────────────────────────────────────────────────────────────────────────────────────────────────

    attachment #2: video (video/webm) ──────────────────────────────────────────────────────────────
    ../../test-results/smoke-Smoke-Tests---End-to-482a8-handle-404-pages-gracefully-chromium/video.webm
    ────────────────────────────────────────────────────────────────────────────────────────────────

    Error Context: ../../test-results/smoke-Smoke-Tests---End-to-482a8-handle-404-pages-gracefully-chromium/error-context.md
]]>
</failure>
<system-out>
<![CDATA[
[[ATTACHMENT|smoke-Smoke-Tests---End-to-482a8-handle-404-pages-gracefully-chromium/test-failed-1.png]]

[[ATTACHMENT|smoke-Smoke-Tests---End-to-482a8-handle-404-pages-gracefully-chromium/video.webm]]

[[ATTACHMENT|smoke-Smoke-Tests---End-to-482a8-handle-404-pages-gracefully-chromium/error-context.md]]
]]>
</system-out>
</testcase>
<testcase name="Smoke Tests - End-to-End › should load all required CSS and JavaScript" classname="smoke.spec.ts" time="2.057">
</testcase>
<testcase name="Smoke Tests - End-to-End › should have proper meta tags" classname="smoke.spec.ts" time="5.435">
<failure message="smoke.spec.ts:133:7 should have proper meta tags" type="FAILURE">
<![CDATA[  [chromium] › smoke.spec.ts:133:7 › Smoke Tests - End-to-End › should have proper meta tags ───────

    Error: expect(locator).toHaveAttribute(expected) failed

    Locator: locator('meta[charset]')
    Expected string: "utf-8"
    Received string: "UTF-8"
    Timeout: 5000ms

    Call log:
      - Expect "toHaveAttribute" with timeout 5000ms
      - waiting for locator('meta[charset]')
        9 × locator resolved to <meta charset="UTF-8"/>
          - unexpected value "UTF-8"


      140 |     // Check charset
      141 |     const charset = page.locator('meta[charset]');
    > 142 |     await expect(charset).toHaveAttribute('charset', 'utf-8');
          |                           ^
      143 |   });
      144 | });
      145 |
        at /Users/bobmaguire/repos/thanksgiving/tests/e2e/smoke.spec.ts:142:27

    attachment #1: screenshot (image/png) ──────────────────────────────────────────────────────────
    ../../test-results/smoke-Smoke-Tests---End-to-End-should-have-proper-meta-tags-chromium/test-failed-1.png
    ────────────────────────────────────────────────────────────────────────────────────────────────

    attachment #2: video (video/webm) ──────────────────────────────────────────────────────────────
    ../../test-results/smoke-Smoke-Tests---End-to-End-should-have-proper-meta-tags-chromium/video.webm
    ────────────────────────────────────────────────────────────────────────────────────────────────

    Error Context: ../../test-results/smoke-Smoke-Tests---End-to-End-should-have-proper-meta-tags-chromium/error-context.md
]]>
</failure>
<system-out>
<![CDATA[
[[ATTACHMENT|smoke-Smoke-Tests---End-to-End-should-have-proper-meta-tags-chromium/test-failed-1.png]]

[[ATTACHMENT|smoke-Smoke-Tests---End-to-End-should-have-proper-meta-tags-chromium/video.webm]]

[[ATTACHMENT|smoke-Smoke-Tests---End-to-End-should-have-proper-meta-tags-chromium/error-context.md]]
]]>
</system-out>
</testcase>
</testsuite>
<testsuite name="smoke.spec.ts" timestamp="2025-09-24T20:47:41.382Z" hostname="firefox" tests="9" failures="3" skipped="0" time="23.59" errors="0">
<testcase name="Smoke Tests - End-to-End › homepage should load and display menus" classname="smoke.spec.ts" time="5.912">
<failure message="smoke.spec.ts:4:7 homepage should load and display menus" type="FAILURE">
<![CDATA[  [firefox] › smoke.spec.ts:4:7 › Smoke Tests - End-to-End › homepage should load and display menus 

    Error: expect(locator).toHaveCount(expected) failed

    Locator:  locator('.menu-card')
    Expected: 1
    Received: 5
    Timeout:  5000ms

    Call log:
      - Expect "toHaveCount" with timeout 5000ms
      - waiting for locator('.menu-card')
        9 × locator resolved to 5 elements
          - unexpected value "5"


      16 |     // Check that menu cards are displayed
      17 |     const menuCards = page.locator('.menu-card');
    > 18 |     await expect(menuCards).toHaveCount(1);
         |                             ^
      19 |     
      20 |     // Check that at least one menu card has expected content
      21 |     const firstCard = menuCards.first();
        at /Users/bobmaguire/repos/thanksgiving/tests/e2e/smoke.spec.ts:18:29

    attachment #1: screenshot (image/png) ──────────────────────────────────────────────────────────
    ../../test-results/smoke-Smoke-Tests---End-to-b1c3a-ould-load-and-display-menus-firefox/test-failed-1.png
    ────────────────────────────────────────────────────────────────────────────────────────────────

    attachment #2: video (video/webm) ──────────────────────────────────────────────────────────────
    ../../test-results/smoke-Smoke-Tests---End-to-b1c3a-ould-load-and-display-menus-firefox/video.webm
    ────────────────────────────────────────────────────────────────────────────────────────────────

    Error Context: ../../test-results/smoke-Smoke-Tests---End-to-b1c3a-ould-load-and-display-menus-firefox/error-context.md
]]>
</failure>
<system-out>
<![CDATA[
[[ATTACHMENT|smoke-Smoke-Tests---End-to-b1c3a-ould-load-and-display-menus-firefox/test-failed-1.png]]

[[ATTACHMENT|smoke-Smoke-Tests---End-to-b1c3a-ould-load-and-display-menus-firefox/video.webm]]

[[ATTACHMENT|smoke-Smoke-Tests---End-to-b1c3a-ould-load-and-display-menus-firefox/error-context.md]]
]]>
</system-out>
</testcase>
<testcase name="Smoke Tests - End-to-End › should navigate to menu detail page" classname="smoke.spec.ts" time="1.004">
</testcase>
<testcase name="Smoke Tests - End-to-End › version API should return correct response" classname="smoke.spec.ts" time="0.458">
</testcase>
<testcase name="Smoke Tests - End-to-End › database setup API should work" classname="smoke.spec.ts" time="1.761">
</testcase>
<testcase name="Smoke Tests - End-to-End › should display Grandma Maguire image correctly" classname="smoke.spec.ts" time="1.334">
</testcase>
<testcase name="Smoke Tests - End-to-End › should be responsive on mobile" classname="smoke.spec.ts" time="1.087">
</testcase>
<testcase name="Smoke Tests - End-to-End › should handle 404 pages gracefully" classname="smoke.spec.ts" time="5.626">
<failure message="smoke.spec.ts:109:7 should handle 404 pages gracefully" type="FAILURE">
<![CDATA[  [firefox] › smoke.spec.ts:109:7 › Smoke Tests - End-to-End › should handle 404 pages gracefully ──

    Error: expect(locator).toContainText(expected) failed

    Locator: locator('h1')
    Expected string: "Error"
    Received: <element(s) not found>
    Timeout: 5000ms

    Call log:
      - Expect "toContainText" with timeout 5000ms
      - waiting for locator('h1')


      112 |     
      113 |     // Check that error page is displayed
    > 114 |     await expect(page.locator('h1')).toContainText('Error');
          |                                      ^
      115 |   });
      116 |
      117 |   test('should load all required CSS and JavaScript', async ({ page }) => {
        at /Users/bobmaguire/repos/thanksgiving/tests/e2e/smoke.spec.ts:114:38

    attachment #1: screenshot (image/png) ──────────────────────────────────────────────────────────
    ../../test-results/smoke-Smoke-Tests---End-to-482a8-handle-404-pages-gracefully-firefox/test-failed-1.png
    ────────────────────────────────────────────────────────────────────────────────────────────────

    attachment #2: video (video/webm) ──────────────────────────────────────────────────────────────
    ../../test-results/smoke-Smoke-Tests---End-to-482a8-handle-404-pages-gracefully-firefox/video.webm
    ────────────────────────────────────────────────────────────────────────────────────────────────

    Error Context: ../../test-results/smoke-Smoke-Tests---End-to-482a8-handle-404-pages-gracefully-firefox/error-context.md
]]>
</failure>
<system-out>
<![CDATA[
[[ATTACHMENT|smoke-Smoke-Tests---End-to-482a8-handle-404-pages-gracefully-firefox/test-failed-1.png]]

[[ATTACHMENT|smoke-Smoke-Tests---End-to-482a8-handle-404-pages-gracefully-firefox/video.webm]]

[[ATTACHMENT|smoke-Smoke-Tests---End-to-482a8-handle-404-pages-gracefully-firefox/error-context.md]]
]]>
</system-out>
</testcase>
<testcase name="Smoke Tests - End-to-End › should load all required CSS and JavaScript" classname="smoke.spec.ts" time="0.907">
</testcase>
<testcase name="Smoke Tests - End-to-End › should have proper meta tags" classname="smoke.spec.ts" time="5.501">
<failure message="smoke.spec.ts:133:7 should have proper meta tags" type="FAILURE">
<![CDATA[  [firefox] › smoke.spec.ts:133:7 › Smoke Tests - End-to-End › should have proper meta tags ────────

    Error: expect(locator).toHaveAttribute(expected) failed

    Locator: locator('meta[charset]')
    Expected string: "utf-8"
    Received string: "UTF-8"
    Timeout: 5000ms

    Call log:
      - Expect "toHaveAttribute" with timeout 5000ms
      - waiting for locator('meta[charset]')
        9 × locator resolved to <meta charset="UTF-8"/>
          - unexpected value "UTF-8"


      140 |     // Check charset
      141 |     const charset = page.locator('meta[charset]');
    > 142 |     await expect(charset).toHaveAttribute('charset', 'utf-8');
          |                           ^
      143 |   });
      144 | });
      145 |
        at /Users/bobmaguire/repos/thanksgiving/tests/e2e/smoke.spec.ts:142:27

    attachment #1: screenshot (image/png) ──────────────────────────────────────────────────────────
    ../../test-results/smoke-Smoke-Tests---End-to-End-should-have-proper-meta-tags-firefox/test-failed-1.png
    ────────────────────────────────────────────────────────────────────────────────────────────────

    attachment #2: video (video/webm) ──────────────────────────────────────────────────────────────
    ../../test-results/smoke-Smoke-Tests---End-to-End-should-have-proper-meta-tags-firefox/video.webm
    ────────────────────────────────────────────────────────────────────────────────────────────────

    Error Context: ../../test-results/smoke-Smoke-Tests---End-to-End-should-have-proper-meta-tags-firefox/error-context.md
]]>
</failure>
<system-out>
<![CDATA[
[[ATTACHMENT|smoke-Smoke-Tests---End-to-End-should-have-proper-meta-tags-firefox/test-failed-1.png]]

[[ATTACHMENT|smoke-Smoke-Tests---End-to-End-should-have-proper-meta-tags-firefox/video.webm]]

[[ATTACHMENT|smoke-Smoke-Tests---End-to-End-should-have-proper-meta-tags-firefox/error-context.md]]
]]>
</system-out>
</testcase>
</testsuite>
<testsuite name="smoke.spec.ts" timestamp="2025-09-24T20:47:41.382Z" hostname="webkit" tests="9" failures="9" skipped="0" time="34.404" errors="0">
<testcase name="Smoke Tests - End-to-End › homepage should load and display menus" classname="smoke.spec.ts" time="5.767">
<failure message="smoke.spec.ts:4:7 homepage should load and display menus" type="FAILURE">
<![CDATA[  [webkit] › smoke.spec.ts:4:7 › Smoke Tests - End-to-End › homepage should load and display menus ─

    Error: expect(locator).toHaveCount(expected) failed

    Locator:  locator('.menu-card')
    Expected: 1
    Received: 5
    Timeout:  5000ms

    Call log:
      - Expect "toHaveCount" with timeout 5000ms
      - waiting for locator('.menu-card')
        9 × locator resolved to 5 elements
          - unexpected value "5"


      16 |     // Check that menu cards are displayed
      17 |     const menuCards = page.locator('.menu-card');
    > 18 |     await expect(menuCards).toHaveCount(1);
         |                             ^
      19 |     
      20 |     // Check that at least one menu card has expected content
      21 |     const firstCard = menuCards.first();
        at /Users/bobmaguire/repos/thanksgiving/tests/e2e/smoke.spec.ts:18:29

    attachment #1: screenshot (image/png) ──────────────────────────────────────────────────────────
    ../../test-results/smoke-Smoke-Tests---End-to-b1c3a-ould-load-and-display-menus-webkit/test-failed-1.png
    ────────────────────────────────────────────────────────────────────────────────────────────────

    attachment #2: video (video/webm) ──────────────────────────────────────────────────────────────
    ../../test-results/smoke-Smoke-Tests---End-to-b1c3a-ould-load-and-display-menus-webkit/video.webm
    ────────────────────────────────────────────────────────────────────────────────────────────────

    Error Context: ../../test-results/smoke-Smoke-Tests---End-to-b1c3a-ould-load-and-display-menus-webkit/error-context.md
]]>
</failure>
<system-out>
<![CDATA[
[[ATTACHMENT|smoke-Smoke-Tests---End-to-b1c3a-ould-load-and-display-menus-webkit/test-failed-1.png]]

[[ATTACHMENT|smoke-Smoke-Tests---End-to-b1c3a-ould-load-and-display-menus-webkit/video.webm]]

[[ATTACHMENT|smoke-Smoke-Tests---End-to-b1c3a-ould-load-and-display-menus-webkit/error-context.md]]
]]>
</system-out>
</testcase>
<testcase name="Smoke Tests - End-to-End › should navigate to menu detail page" classname="smoke.spec.ts" time="5.561">
<failure message="smoke.spec.ts:26:7 should navigate to menu detail page" type="FAILURE">
<![CDATA[  [webkit] › smoke.spec.ts:26:7 › Smoke Tests - End-to-End › should navigate to menu detail page ───

    Error: expect(locator).toBeVisible() failed

    Locator:  locator('.btn-view-details').first()
    Expected: visible
    Received: <element(s) not found>
    Timeout:  5000ms

    Call log:
      - Expect "toBeVisible" with timeout 5000ms
      - waiting for locator('.btn-view-details').first()


      29 |     // Click on the first "View Details" button (using btn-view-details class)
      30 |     const firstViewDetailsButton = page.locator('.btn-view-details').first();
    > 31 |     await expect(firstViewDetailsButton).toBeVisible();
         |                                          ^
      32 |     await firstViewDetailsButton.click();
      33 |     
      34 |     // Should navigate to detail page
        at /Users/bobmaguire/repos/thanksgiving/tests/e2e/smoke.spec.ts:31:42

    attachment #1: screenshot (image/png) ──────────────────────────────────────────────────────────
    ../../test-results/smoke-Smoke-Tests---End-to-91342-avigate-to-menu-detail-page-webkit/test-failed-1.png
    ────────────────────────────────────────────────────────────────────────────────────────────────

    attachment #2: video (video/webm) ──────────────────────────────────────────────────────────────
    ../../test-results/smoke-Smoke-Tests---End-to-91342-avigate-to-menu-detail-page-webkit/video.webm
    ────────────────────────────────────────────────────────────────────────────────────────────────

    Error Context: ../../test-results/smoke-Smoke-Tests---End-to-91342-avigate-to-menu-detail-page-webkit/error-context.md
]]>
</failure>
<system-out>
<![CDATA[
[[ATTACHMENT|smoke-Smoke-Tests---End-to-91342-avigate-to-menu-detail-page-webkit/test-failed-1.png]]

[[ATTACHMENT|smoke-Smoke-Tests---End-to-91342-avigate-to-menu-detail-page-webkit/video.webm]]

[[ATTACHMENT|smoke-Smoke-Tests---End-to-91342-avigate-to-menu-detail-page-webkit/error-context.md]]
]]>
</system-out>
</testcase>
<testcase name="Smoke Tests - End-to-End › version API should return correct response" classname="smoke.spec.ts" time="0.761">
<failure message="smoke.spec.ts:42:7 version API should return correct response" type="FAILURE">
<![CDATA[  [webkit] › smoke.spec.ts:42:7 › Smoke Tests - End-to-End › version API should return correct response 

    Error: expect(received).toBe(expected) // Object.is equality

    Expected: 200
    Received: 429

      43 |     const response = await page.request.get('/api/v1/version/display');
      44 |     
    > 45 |     expect(response.status()).toBe(200);
         |                               ^
      46 |     
      47 |     const data = await response.json();
      48 |     expect(data).toMatchObject({
        at /Users/bobmaguire/repos/thanksgiving/tests/e2e/smoke.spec.ts:45:31

    attachment #1: screenshot (image/png) ──────────────────────────────────────────────────────────
    ../../test-results/smoke-Smoke-Tests---End-to-54efa-uld-return-correct-response-webkit/test-failed-1.png
    ────────────────────────────────────────────────────────────────────────────────────────────────

    attachment #2: video (video/webm) ──────────────────────────────────────────────────────────────
    ../../test-results/smoke-Smoke-Tests---End-to-54efa-uld-return-correct-response-webkit/video.webm
    ────────────────────────────────────────────────────────────────────────────────────────────────
]]>
</failure>
<system-out>
<![CDATA[
[[ATTACHMENT|smoke-Smoke-Tests---End-to-54efa-uld-return-correct-response-webkit/test-failed-1.png]]

[[ATTACHMENT|smoke-Smoke-Tests---End-to-54efa-uld-return-correct-response-webkit/video.webm]]
]]>
</system-out>
</testcase>
<testcase name="Smoke Tests - End-to-End › database setup API should work" classname="smoke.spec.ts" time="0.548">
<failure message="smoke.spec.ts:58:7 database setup API should work" type="FAILURE">
<![CDATA[  [webkit] › smoke.spec.ts:58:7 › Smoke Tests - End-to-End › database setup API should work ────────

    Error: expect(received).toBe(expected) // Object.is equality

    Expected: 200
    Received: 429

      59 |     const response = await page.request.get('/api/setup-database');
      60 |     
    > 61 |     expect(response.status()).toBe(200);
         |                               ^
      62 |     
      63 |     const data = await response.json();
      64 |     expect(data).toMatchObject({
        at /Users/bobmaguire/repos/thanksgiving/tests/e2e/smoke.spec.ts:61:31

    attachment #1: screenshot (image/png) ──────────────────────────────────────────────────────────
    ../../test-results/smoke-Smoke-Tests---End-to-d1b4e-abase-setup-API-should-work-webkit/test-failed-1.png
    ────────────────────────────────────────────────────────────────────────────────────────────────

    attachment #2: video (video/webm) ──────────────────────────────────────────────────────────────
    ../../test-results/smoke-Smoke-Tests---End-to-d1b4e-abase-setup-API-should-work-webkit/video.webm
    ────────────────────────────────────────────────────────────────────────────────────────────────
]]>
</failure>
<system-out>
<![CDATA[
[[ATTACHMENT|smoke-Smoke-Tests---End-to-d1b4e-abase-setup-API-should-work-webkit/test-failed-1.png]]

[[ATTACHMENT|smoke-Smoke-Tests---End-to-d1b4e-abase-setup-API-should-work-webkit/video.webm]]
]]>
</system-out>
</testcase>
<testcase name="Smoke Tests - End-to-End › should display Grandma Maguire image correctly" classname="smoke.spec.ts" time="5.344">
<failure message="smoke.spec.ts:82:7 should display Grandma Maguire image correctly" type="FAILURE">
<![CDATA[  [webkit] › smoke.spec.ts:82:7 › Smoke Tests - End-to-End › should display Grandma Maguire image correctly 

    Error: expect(locator).toBeVisible() failed

    Locator:  locator('img[src*="Grandma80s"]')
    Expected: visible
    Received: <element(s) not found>
    Timeout:  5000ms

    Call log:
      - Expect "toBeVisible" with timeout 5000ms
      - waiting for locator('img[src*="Grandma80s"]')


      85 |     // Check that Grandma's image is visible
      86 |     const grandmaImage = page.locator('img[src*="Grandma80s"]');
    > 87 |     await expect(grandmaImage).toBeVisible();
         |                                ^
      88 |     
      89 |     // Check that the stats section layout is correct (use first one)
      90 |     const statsSection = page.locator('.stats-section').first();
        at /Users/bobmaguire/repos/thanksgiving/tests/e2e/smoke.spec.ts:87:32

    attachment #1: screenshot (image/png) ──────────────────────────────────────────────────────────
    ../../test-results/smoke-Smoke-Tests---End-to-71030-dma-Maguire-image-correctly-webkit/test-failed-1.png
    ────────────────────────────────────────────────────────────────────────────────────────────────

    attachment #2: video (video/webm) ──────────────────────────────────────────────────────────────
    ../../test-results/smoke-Smoke-Tests---End-to-71030-dma-Maguire-image-correctly-webkit/video.webm
    ────────────────────────────────────────────────────────────────────────────────────────────────

    Error Context: ../../test-results/smoke-Smoke-Tests---End-to-71030-dma-Maguire-image-correctly-webkit/error-context.md
]]>
</failure>
<system-out>
<![CDATA[
[[ATTACHMENT|smoke-Smoke-Tests---End-to-71030-dma-Maguire-image-correctly-webkit/test-failed-1.png]]

[[ATTACHMENT|smoke-Smoke-Tests---End-to-71030-dma-Maguire-image-correctly-webkit/video.webm]]

[[ATTACHMENT|smoke-Smoke-Tests---End-to-71030-dma-Maguire-image-correctly-webkit/error-context.md]]
]]>
</system-out>
</testcase>
<testcase name="Smoke Tests - End-to-End › should be responsive on mobile" classname="smoke.spec.ts" time="5.363">
<failure message="smoke.spec.ts:94:7 should be responsive on mobile" type="FAILURE">
<![CDATA[  [webkit] › smoke.spec.ts:94:7 › Smoke Tests - End-to-End › should be responsive on mobile ────────

    Error: expect(locator).toBeVisible() failed

    Locator:  locator('.menu-card').first()
    Expected: visible
    Received: <element(s) not found>
    Timeout:  5000ms

    Call log:
      - Expect "toBeVisible" with timeout 5000ms
      - waiting for locator('.menu-card').first()


      104 |     // Check that menu cards stack vertically
      105 |     const menuCards = page.locator('.menu-card');
    > 106 |     await expect(menuCards.first()).toBeVisible();
          |                                     ^
      107 |   });
      108 |
      109 |   test('should handle 404 pages gracefully', async ({ page }) => {
        at /Users/bobmaguire/repos/thanksgiving/tests/e2e/smoke.spec.ts:106:37

    attachment #1: screenshot (image/png) ──────────────────────────────────────────────────────────
    ../../test-results/smoke-Smoke-Tests---End-to-9a03d-uld-be-responsive-on-mobile-webkit/test-failed-1.png
    ────────────────────────────────────────────────────────────────────────────────────────────────

    attachment #2: video (video/webm) ──────────────────────────────────────────────────────────────
    ../../test-results/smoke-Smoke-Tests---End-to-9a03d-uld-be-responsive-on-mobile-webkit/video.webm
    ────────────────────────────────────────────────────────────────────────────────────────────────

    Error Context: ../../test-results/smoke-Smoke-Tests---End-to-9a03d-uld-be-responsive-on-mobile-webkit/error-context.md
]]>
</failure>
<system-out>
<![CDATA[
[[ATTACHMENT|smoke-Smoke-Tests---End-to-9a03d-uld-be-responsive-on-mobile-webkit/test-failed-1.png]]

[[ATTACHMENT|smoke-Smoke-Tests---End-to-9a03d-uld-be-responsive-on-mobile-webkit/video.webm]]

[[ATTACHMENT|smoke-Smoke-Tests---End-to-9a03d-uld-be-responsive-on-mobile-webkit/error-context.md]]
]]>
</system-out>
</testcase>
<testcase name="Smoke Tests - End-to-End › should handle 404 pages gracefully" classname="smoke.spec.ts" time="0.37">
<failure message="smoke.spec.ts:109:7 should handle 404 pages gracefully" type="FAILURE">
<![CDATA[  [webkit] › smoke.spec.ts:109:7 › Smoke Tests - End-to-End › should handle 404 pages gracefully ───

    Error: expect(received).toBe(expected) // Object.is equality

    Expected: 404
    Received: 429

      109 |   test('should handle 404 pages gracefully', async ({ page }) => {
      110 |     const response = await page.goto('/nonexistent-page');
    > 111 |     expect(response?.status()).toBe(404);
          |                                ^
      112 |     
      113 |     // Check that error page is displayed
      114 |     await expect(page.locator('h1')).toContainText('Error');
        at /Users/bobmaguire/repos/thanksgiving/tests/e2e/smoke.spec.ts:111:32

    attachment #1: screenshot (image/png) ──────────────────────────────────────────────────────────
    ../../test-results/smoke-Smoke-Tests---End-to-482a8-handle-404-pages-gracefully-webkit/test-failed-1.png
    ────────────────────────────────────────────────────────────────────────────────────────────────

    attachment #2: video (video/webm) ──────────────────────────────────────────────────────────────
    ../../test-results/smoke-Smoke-Tests---End-to-482a8-handle-404-pages-gracefully-webkit/video.webm
    ────────────────────────────────────────────────────────────────────────────────────────────────

    Error Context: ../../test-results/smoke-Smoke-Tests---End-to-482a8-handle-404-pages-gracefully-webkit/error-context.md
]]>
</failure>
<system-out>
<![CDATA[
[[ATTACHMENT|smoke-Smoke-Tests---End-to-482a8-handle-404-pages-gracefully-webkit/test-failed-1.png]]

[[ATTACHMENT|smoke-Smoke-Tests---End-to-482a8-handle-404-pages-gracefully-webkit/video.webm]]

[[ATTACHMENT|smoke-Smoke-Tests---End-to-482a8-handle-404-pages-gracefully-webkit/error-context.md]]
]]>
</system-out>
</testcase>
<testcase name="Smoke Tests - End-to-End › should load all required CSS and JavaScript" classname="smoke.spec.ts" time="5.355">
<failure message="smoke.spec.ts:117:7 should load all required CSS and JavaScript" type="FAILURE">
<![CDATA[  [webkit] › smoke.spec.ts:117:7 › Smoke Tests - End-to-End › should load all required CSS and JavaScript 

    Error: expect(locator).toHaveCount(expected) failed

    Locator:  locator('link[href*="bootstrap"]')
    Expected: 1
    Received: 0
    Timeout:  5000ms

    Call log:
      - Expect "toHaveCount" with timeout 5000ms
      - waiting for locator('link[href*="bootstrap"]')
        9 × locator resolved to 0 elements
          - unexpected value "0"


      120 |     // Check that Bootstrap CSS is loaded
      121 |     const bootstrapCSS = page.locator('link[href*="bootstrap"]');
    > 122 |     await expect(bootstrapCSS).toHaveCount(1);
          |                                ^
      123 |     
      124 |     // Check that Bootstrap JS is loaded
      125 |     const bootstrapJS = page.locator('script[src*="bootstrap"]');
        at /Users/bobmaguire/repos/thanksgiving/tests/e2e/smoke.spec.ts:122:32

    attachment #1: screenshot (image/png) ──────────────────────────────────────────────────────────
    ../../test-results/smoke-Smoke-Tests---End-to-a8fac-required-CSS-and-JavaScript-webkit/test-failed-1.png
    ────────────────────────────────────────────────────────────────────────────────────────────────

    attachment #2: video (video/webm) ──────────────────────────────────────────────────────────────
    ../../test-results/smoke-Smoke-Tests---End-to-a8fac-required-CSS-and-JavaScript-webkit/video.webm
    ────────────────────────────────────────────────────────────────────────────────────────────────

    Error Context: ../../test-results/smoke-Smoke-Tests---End-to-a8fac-required-CSS-and-JavaScript-webkit/error-context.md
]]>
</failure>
<system-out>
<![CDATA[
[[ATTACHMENT|smoke-Smoke-Tests---End-to-a8fac-required-CSS-and-JavaScript-webkit/test-failed-1.png]]

[[ATTACHMENT|smoke-Smoke-Tests---End-to-a8fac-required-CSS-and-JavaScript-webkit/video.webm]]

[[ATTACHMENT|smoke-Smoke-Tests---End-to-a8fac-required-CSS-and-JavaScript-webkit/error-context.md]]
]]>
</system-out>
</testcase>
<testcase name="Smoke Tests - End-to-End › should have proper meta tags" classname="smoke.spec.ts" time="5.335">
<failure message="smoke.spec.ts:133:7 should have proper meta tags" type="FAILURE">
<![CDATA[  [webkit] › smoke.spec.ts:133:7 › Smoke Tests - End-to-End › should have proper meta tags ─────────

    Error: expect(locator).toHaveAttribute(expected) failed

    Locator: locator('meta[name="viewport"]')
    Expected pattern: /width=device-width, initial-scale=1\.?0?/
    Received: <element(s) not found>
    Timeout: 5000ms

    Call log:
      - Expect "toHaveAttribute" with timeout 5000ms
      - waiting for locator('meta[name="viewport"]')


      136 |     // Check viewport meta tag (accept both 1 and 1.0)
      137 |     const viewport = page.locator('meta[name="viewport"]');
    > 138 |     await expect(viewport).toHaveAttribute('content', /width=device-width, initial-scale=1\.?0?/);
          |                            ^
      139 |     
      140 |     // Check charset
      141 |     const charset = page.locator('meta[charset]');
        at /Users/bobmaguire/repos/thanksgiving/tests/e2e/smoke.spec.ts:138:28

    attachment #1: screenshot (image/png) ──────────────────────────────────────────────────────────
    ../../test-results/smoke-Smoke-Tests---End-to-End-should-have-proper-meta-tags-webkit/test-failed-1.png
    ────────────────────────────────────────────────────────────────────────────────────────────────

    attachment #2: video (video/webm) ──────────────────────────────────────────────────────────────
    ../../test-results/smoke-Smoke-Tests---End-to-End-should-have-proper-meta-tags-webkit/video.webm
    ────────────────────────────────────────────────────────────────────────────────────────────────

    Error Context: ../../test-results/smoke-Smoke-Tests---End-to-End-should-have-proper-meta-tags-webkit/error-context.md
]]>
</failure>
<system-out>
<![CDATA[
[[ATTACHMENT|smoke-Smoke-Tests---End-to-End-should-have-proper-meta-tags-webkit/test-failed-1.png]]

[[ATTACHMENT|smoke-Smoke-Tests---End-to-End-should-have-proper-meta-tags-webkit/video.webm]]

[[ATTACHMENT|smoke-Smoke-Tests---End-to-End-should-have-proper-meta-tags-webkit/error-context.md]]
]]>
</system-out>
</testcase>
</testsuite>
<testsuite name="smoke.spec.ts" timestamp="2025-09-24T20:47:41.382Z" hostname="Mobile Chrome" tests="9" failures="9" skipped="0" time="26.978" errors="0">
<testcase name="Smoke Tests - End-to-End › homepage should load and display menus" classname="smoke.spec.ts" time="5.206">
<failure message="smoke.spec.ts:4:7 homepage should load and display menus" type="FAILURE">
<![CDATA[  [Mobile Chrome] › smoke.spec.ts:4:7 › Smoke Tests - End-to-End › homepage should load and display menus 

    Error: expect(page).toHaveTitle(expected) failed

    Expected pattern: /Thanksgiving Menu Collection/
    Received string:  ""
    Timeout: 5000ms

    Call log:
      - Expect "toHaveTitle" with timeout 5000ms
        9 × unexpected value ""


       6 |     
       7 |     // Check page title
    >  8 |     await expect(page).toHaveTitle(/Thanksgiving Menu Collection/);
         |                        ^
       9 |     
      10 |     // Check main heading
      11 |     await expect(page.locator('h1')).toContainText('Thanksgiving Menu Collection');
        at /Users/bobmaguire/repos/thanksgiving/tests/e2e/smoke.spec.ts:8:24

    attachment #1: screenshot (image/png) ──────────────────────────────────────────────────────────
    ../../test-results/smoke-Smoke-Tests---End-to-b1c3a-ould-load-and-display-menus-Mobile-Chrome/test-failed-1.png
    ────────────────────────────────────────────────────────────────────────────────────────────────

    attachment #2: video (video/webm) ──────────────────────────────────────────────────────────────
    ../../test-results/smoke-Smoke-Tests---End-to-b1c3a-ould-load-and-display-menus-Mobile-Chrome/video.webm
    ────────────────────────────────────────────────────────────────────────────────────────────────

    Error Context: ../../test-results/smoke-Smoke-Tests---End-to-b1c3a-ould-load-and-display-menus-Mobile-Chrome/error-context.md
]]>
</failure>
<system-out>
<![CDATA[
[[ATTACHMENT|smoke-Smoke-Tests---End-to-b1c3a-ould-load-and-display-menus-Mobile-Chrome/test-failed-1.png]]

[[ATTACHMENT|smoke-Smoke-Tests---End-to-b1c3a-ould-load-and-display-menus-Mobile-Chrome/video.webm]]

[[ATTACHMENT|smoke-Smoke-Tests---End-to-b1c3a-ould-load-and-display-menus-Mobile-Chrome/error-context.md]]
]]>
</system-out>
</testcase>
<testcase name="Smoke Tests - End-to-End › should navigate to menu detail page" classname="smoke.spec.ts" time="5.171">
<failure message="smoke.spec.ts:26:7 should navigate to menu detail page" type="FAILURE">
<![CDATA[  [Mobile Chrome] › smoke.spec.ts:26:7 › Smoke Tests - End-to-End › should navigate to menu detail page 

    Error: expect(locator).toBeVisible() failed

    Locator:  locator('.btn-view-details').first()
    Expected: visible
    Received: <element(s) not found>
    Timeout:  5000ms

    Call log:
      - Expect "toBeVisible" with timeout 5000ms
      - waiting for locator('.btn-view-details').first()


      29 |     // Click on the first "View Details" button (using btn-view-details class)
      30 |     const firstViewDetailsButton = page.locator('.btn-view-details').first();
    > 31 |     await expect(firstViewDetailsButton).toBeVisible();
         |                                          ^
      32 |     await firstViewDetailsButton.click();
      33 |     
      34 |     // Should navigate to detail page
        at /Users/bobmaguire/repos/thanksgiving/tests/e2e/smoke.spec.ts:31:42

    attachment #1: screenshot (image/png) ──────────────────────────────────────────────────────────
    ../../test-results/smoke-Smoke-Tests---End-to-91342-avigate-to-menu-detail-page-Mobile-Chrome/test-failed-1.png
    ────────────────────────────────────────────────────────────────────────────────────────────────

    attachment #2: video (video/webm) ──────────────────────────────────────────────────────────────
    ../../test-results/smoke-Smoke-Tests---End-to-91342-avigate-to-menu-detail-page-Mobile-Chrome/video.webm
    ────────────────────────────────────────────────────────────────────────────────────────────────

    Error Context: ../../test-results/smoke-Smoke-Tests---End-to-91342-avigate-to-menu-detail-page-Mobile-Chrome/error-context.md
]]>
</failure>
<system-out>
<![CDATA[
[[ATTACHMENT|smoke-Smoke-Tests---End-to-91342-avigate-to-menu-detail-page-Mobile-Chrome/test-failed-1.png]]

[[ATTACHMENT|smoke-Smoke-Tests---End-to-91342-avigate-to-menu-detail-page-Mobile-Chrome/video.webm]]

[[ATTACHMENT|smoke-Smoke-Tests---End-to-91342-avigate-to-menu-detail-page-Mobile-Chrome/error-context.md]]
]]>
</system-out>
</testcase>
<testcase name="Smoke Tests - End-to-End › version API should return correct response" classname="smoke.spec.ts" time="0.41">
<failure message="smoke.spec.ts:42:7 version API should return correct response" type="FAILURE">
<![CDATA[  [Mobile Chrome] › smoke.spec.ts:42:7 › Smoke Tests - End-to-End › version API should return correct response 

    Error: expect(received).toBe(expected) // Object.is equality

    Expected: 200
    Received: 429

      43 |     const response = await page.request.get('/api/v1/version/display');
      44 |     
    > 45 |     expect(response.status()).toBe(200);
         |                               ^
      46 |     
      47 |     const data = await response.json();
      48 |     expect(data).toMatchObject({
        at /Users/bobmaguire/repos/thanksgiving/tests/e2e/smoke.spec.ts:45:31

    attachment #1: screenshot (image/png) ──────────────────────────────────────────────────────────
    ../../test-results/smoke-Smoke-Tests---End-to-54efa-uld-return-correct-response-Mobile-Chrome/test-failed-1.png
    ────────────────────────────────────────────────────────────────────────────────────────────────

    attachment #2: video (video/webm) ──────────────────────────────────────────────────────────────
    ../../test-results/smoke-Smoke-Tests---End-to-54efa-uld-return-correct-response-Mobile-Chrome/video.webm
    ────────────────────────────────────────────────────────────────────────────────────────────────
]]>
</failure>
<system-out>
<![CDATA[
[[ATTACHMENT|smoke-Smoke-Tests---End-to-54efa-uld-return-correct-response-Mobile-Chrome/test-failed-1.png]]

[[ATTACHMENT|smoke-Smoke-Tests---End-to-54efa-uld-return-correct-response-Mobile-Chrome/video.webm]]
]]>
</system-out>
</testcase>
<testcase name="Smoke Tests - End-to-End › database setup API should work" classname="smoke.spec.ts" time="0.413">
<failure message="smoke.spec.ts:58:7 database setup API should work" type="FAILURE">
<![CDATA[  [Mobile Chrome] › smoke.spec.ts:58:7 › Smoke Tests - End-to-End › database setup API should work ─

    Error: expect(received).toBe(expected) // Object.is equality

    Expected: 200
    Received: 429

      59 |     const response = await page.request.get('/api/setup-database');
      60 |     
    > 61 |     expect(response.status()).toBe(200);
         |                               ^
      62 |     
      63 |     const data = await response.json();
      64 |     expect(data).toMatchObject({
        at /Users/bobmaguire/repos/thanksgiving/tests/e2e/smoke.spec.ts:61:31

    attachment #1: screenshot (image/png) ──────────────────────────────────────────────────────────
    ../../test-results/smoke-Smoke-Tests---End-to-d1b4e-abase-setup-API-should-work-Mobile-Chrome/test-failed-1.png
    ────────────────────────────────────────────────────────────────────────────────────────────────

    attachment #2: video (video/webm) ──────────────────────────────────────────────────────────────
    ../../test-results/smoke-Smoke-Tests---End-to-d1b4e-abase-setup-API-should-work-Mobile-Chrome/video.webm
    ────────────────────────────────────────────────────────────────────────────────────────────────
]]>
</failure>
<system-out>
<![CDATA[
[[ATTACHMENT|smoke-Smoke-Tests---End-to-d1b4e-abase-setup-API-should-work-Mobile-Chrome/test-failed-1.png]]

[[ATTACHMENT|smoke-Smoke-Tests---End-to-d1b4e-abase-setup-API-should-work-Mobile-Chrome/video.webm]]
]]>
</system-out>
</testcase>
<testcase name="Smoke Tests - End-to-End › should display Grandma Maguire image correctly" classname="smoke.spec.ts" time="5.183">
<failure message="smoke.spec.ts:82:7 should display Grandma Maguire image correctly" type="FAILURE">
<![CDATA[  [Mobile Chrome] › smoke.spec.ts:82:7 › Smoke Tests - End-to-End › should display Grandma Maguire image correctly 

    Error: expect(locator).toBeVisible() failed

    Locator:  locator('img[src*="Grandma80s"]')
    Expected: visible
    Received: <element(s) not found>
    Timeout:  5000ms

    Call log:
      - Expect "toBeVisible" with timeout 5000ms
      - waiting for locator('img[src*="Grandma80s"]')


      85 |     // Check that Grandma's image is visible
      86 |     const grandmaImage = page.locator('img[src*="Grandma80s"]');
    > 87 |     await expect(grandmaImage).toBeVisible();
         |                                ^
      88 |     
      89 |     // Check that the stats section layout is correct (use first one)
      90 |     const statsSection = page.locator('.stats-section').first();
        at /Users/bobmaguire/repos/thanksgiving/tests/e2e/smoke.spec.ts:87:32

    attachment #1: screenshot (image/png) ──────────────────────────────────────────────────────────
    ../../test-results/smoke-Smoke-Tests---End-to-71030-dma-Maguire-image-correctly-Mobile-Chrome/test-failed-1.png
    ────────────────────────────────────────────────────────────────────────────────────────────────

    attachment #2: video (video/webm) ──────────────────────────────────────────────────────────────
    ../../test-results/smoke-Smoke-Tests---End-to-71030-dma-Maguire-image-correctly-Mobile-Chrome/video.webm
    ────────────────────────────────────────────────────────────────────────────────────────────────

    Error Context: ../../test-results/smoke-Smoke-Tests---End-to-71030-dma-Maguire-image-correctly-Mobile-Chrome/error-context.md
]]>
</failure>
<system-out>
<![CDATA[
[[ATTACHMENT|smoke-Smoke-Tests---End-to-71030-dma-Maguire-image-correctly-Mobile-Chrome/test-failed-1.png]]

[[ATTACHMENT|smoke-Smoke-Tests---End-to-71030-dma-Maguire-image-correctly-Mobile-Chrome/video.webm]]

[[ATTACHMENT|smoke-Smoke-Tests---End-to-71030-dma-Maguire-image-correctly-Mobile-Chrome/error-context.md]]
]]>
</system-out>
</testcase>
<testcase name="Smoke Tests - End-to-End › should be responsive on mobile" classname="smoke.spec.ts" time="0.127">
<failure message="smoke.spec.ts:94:7 should be responsive on mobile" type="FAILURE">
<![CDATA[  [Mobile Chrome] › smoke.spec.ts:94:7 › Smoke Tests - End-to-End › should be responsive on mobile ─

    Error: expect(received).toBeLessThanOrEqual(expected)

    Expected: <= 375
    Received:    964.0000610351562

      100 |     const body = page.locator('body');
      101 |     const boundingBox = await body.boundingBox();
    > 102 |     expect(boundingBox?.width).toBeLessThanOrEqual(375);
          |                                ^
      103 |     
      104 |     // Check that menu cards stack vertically
      105 |     const menuCards = page.locator('.menu-card');
        at /Users/bobmaguire/repos/thanksgiving/tests/e2e/smoke.spec.ts:102:32

    attachment #1: screenshot (image/png) ──────────────────────────────────────────────────────────
    ../../test-results/smoke-Smoke-Tests---End-to-9a03d-uld-be-responsive-on-mobile-Mobile-Chrome/test-failed-1.png
    ────────────────────────────────────────────────────────────────────────────────────────────────

    Error Context: ../../test-results/smoke-Smoke-Tests---End-to-9a03d-uld-be-responsive-on-mobile-Mobile-Chrome/error-context.md
]]>
</failure>
<system-out>
<![CDATA[
[[ATTACHMENT|smoke-Smoke-Tests---End-to-9a03d-uld-be-responsive-on-mobile-Mobile-Chrome/test-failed-1.png]]

[[ATTACHMENT|smoke-Smoke-Tests---End-to-9a03d-uld-be-responsive-on-mobile-Mobile-Chrome/error-context.md]]
]]>
</system-out>
</testcase>
<testcase name="Smoke Tests - End-to-End › should handle 404 pages gracefully" classname="smoke.spec.ts" time="0.126">
<failure message="smoke.spec.ts:109:7 should handle 404 pages gracefully" type="FAILURE">
<![CDATA[  [Mobile Chrome] › smoke.spec.ts:109:7 › Smoke Tests - End-to-End › should handle 404 pages gracefully 

    Error: expect(received).toBe(expected) // Object.is equality

    Expected: 404
    Received: 429

      109 |   test('should handle 404 pages gracefully', async ({ page }) => {
      110 |     const response = await page.goto('/nonexistent-page');
    > 111 |     expect(response?.status()).toBe(404);
          |                                ^
      112 |     
      113 |     // Check that error page is displayed
      114 |     await expect(page.locator('h1')).toContainText('Error');
        at /Users/bobmaguire/repos/thanksgiving/tests/e2e/smoke.spec.ts:111:32

    attachment #1: screenshot (image/png) ──────────────────────────────────────────────────────────
    ../../test-results/smoke-Smoke-Tests---End-to-482a8-handle-404-pages-gracefully-Mobile-Chrome/test-failed-1.png
    ────────────────────────────────────────────────────────────────────────────────────────────────

    attachment #2: video (video/webm) ──────────────────────────────────────────────────────────────
    ../../test-results/smoke-Smoke-Tests---End-to-482a8-handle-404-pages-gracefully-Mobile-Chrome/video.webm
    ────────────────────────────────────────────────────────────────────────────────────────────────

    Error Context: ../../test-results/smoke-Smoke-Tests---End-to-482a8-handle-404-pages-gracefully-Mobile-Chrome/error-context.md
]]>
</failure>
<system-out>
<![CDATA[
[[ATTACHMENT|smoke-Smoke-Tests---End-to-482a8-handle-404-pages-gracefully-Mobile-Chrome/test-failed-1.png]]

[[ATTACHMENT|smoke-Smoke-Tests---End-to-482a8-handle-404-pages-gracefully-Mobile-Chrome/video.webm]]

[[ATTACHMENT|smoke-Smoke-Tests---End-to-482a8-handle-404-pages-gracefully-Mobile-Chrome/error-context.md]]
]]>
</system-out>
</testcase>
<testcase name="Smoke Tests - End-to-End › should load all required CSS and JavaScript" classname="smoke.spec.ts" time="5.156">
<failure message="smoke.spec.ts:117:7 should load all required CSS and JavaScript" type="FAILURE">
<![CDATA[  [Mobile Chrome] › smoke.spec.ts:117:7 › Smoke Tests - End-to-End › should load all required CSS and JavaScript 

    Error: expect(locator).toHaveCount(expected) failed

    Locator:  locator('link[href*="bootstrap"]')
    Expected: 1
    Received: 0
    Timeout:  5000ms

    Call log:
      - Expect "toHaveCount" with timeout 5000ms
      - waiting for locator('link[href*="bootstrap"]')
        9 × locator resolved to 0 elements
          - unexpected value "0"


      120 |     // Check that Bootstrap CSS is loaded
      121 |     const bootstrapCSS = page.locator('link[href*="bootstrap"]');
    > 122 |     await expect(bootstrapCSS).toHaveCount(1);
          |                                ^
      123 |     
      124 |     // Check that Bootstrap JS is loaded
      125 |     const bootstrapJS = page.locator('script[src*="bootstrap"]');
        at /Users/bobmaguire/repos/thanksgiving/tests/e2e/smoke.spec.ts:122:32

    attachment #1: screenshot (image/png) ──────────────────────────────────────────────────────────
    ../../test-results/smoke-Smoke-Tests---End-to-a8fac-required-CSS-and-JavaScript-Mobile-Chrome/test-failed-1.png
    ────────────────────────────────────────────────────────────────────────────────────────────────

    attachment #2: video (video/webm) ──────────────────────────────────────────────────────────────
    ../../test-results/smoke-Smoke-Tests---End-to-a8fac-required-CSS-and-JavaScript-Mobile-Chrome/video.webm
    ────────────────────────────────────────────────────────────────────────────────────────────────

    Error Context: ../../test-results/smoke-Smoke-Tests---End-to-a8fac-required-CSS-and-JavaScript-Mobile-Chrome/error-context.md
]]>
</failure>
<system-out>
<![CDATA[
[[ATTACHMENT|smoke-Smoke-Tests---End-to-a8fac-required-CSS-and-JavaScript-Mobile-Chrome/test-failed-1.png]]

[[ATTACHMENT|smoke-Smoke-Tests---End-to-a8fac-required-CSS-and-JavaScript-Mobile-Chrome/video.webm]]

[[ATTACHMENT|smoke-Smoke-Tests---End-to-a8fac-required-CSS-and-JavaScript-Mobile-Chrome/error-context.md]]
]]>
</system-out>
</testcase>
<testcase name="Smoke Tests - End-to-End › should have proper meta tags" classname="smoke.spec.ts" time="5.186">
<failure message="smoke.spec.ts:133:7 should have proper meta tags" type="FAILURE">
<![CDATA[  [Mobile Chrome] › smoke.spec.ts:133:7 › Smoke Tests - End-to-End › should have proper meta tags ──

    Error: expect(locator).toHaveAttribute(expected) failed

    Locator: locator('meta[name="viewport"]')
    Expected pattern: /width=device-width, initial-scale=1\.?0?/
    Received: <element(s) not found>
    Timeout: 5000ms

    Call log:
      - Expect "toHaveAttribute" with timeout 5000ms
      - waiting for locator('meta[name="viewport"]')


      136 |     // Check viewport meta tag (accept both 1 and 1.0)
      137 |     const viewport = page.locator('meta[name="viewport"]');
    > 138 |     await expect(viewport).toHaveAttribute('content', /width=device-width, initial-scale=1\.?0?/);
          |                            ^
      139 |     
      140 |     // Check charset
      141 |     const charset = page.locator('meta[charset]');
        at /Users/bobmaguire/repos/thanksgiving/tests/e2e/smoke.spec.ts:138:28

    attachment #1: screenshot (image/png) ──────────────────────────────────────────────────────────
    ../../test-results/smoke-Smoke-Tests---End-to-End-should-have-proper-meta-tags-Mobile-Chrome/test-failed-1.png
    ────────────────────────────────────────────────────────────────────────────────────────────────

    attachment #2: video (video/webm) ──────────────────────────────────────────────────────────────
    ../../test-results/smoke-Smoke-Tests---End-to-End-should-have-proper-meta-tags-Mobile-Chrome/video.webm
    ────────────────────────────────────────────────────────────────────────────────────────────────

    Error Context: ../../test-results/smoke-Smoke-Tests---End-to-End-should-have-proper-meta-tags-Mobile-Chrome/error-context.md
]]>
</failure>
<system-out>
<![CDATA[
[[ATTACHMENT|smoke-Smoke-Tests---End-to-End-should-have-proper-meta-tags-Mobile-Chrome/test-failed-1.png]]

[[ATTACHMENT|smoke-Smoke-Tests---End-to-End-should-have-proper-meta-tags-Mobile-Chrome/video.webm]]

[[ATTACHMENT|smoke-Smoke-Tests---End-to-End-should-have-proper-meta-tags-Mobile-Chrome/error-context.md]]
]]>
</system-out>
</testcase>
</testsuite>
<testsuite name="smoke.spec.ts" timestamp="2025-09-24T20:47:41.382Z" hostname="Mobile Safari" tests="9" failures="9" skipped="0" time="28.272" errors="0">
<testcase name="Smoke Tests - End-to-End › homepage should load and display menus" classname="smoke.spec.ts" time="5.289">
<failure message="smoke.spec.ts:4:7 homepage should load and display menus" type="FAILURE">
<![CDATA[  [Mobile Safari] › smoke.spec.ts:4:7 › Smoke Tests - End-to-End › homepage should load and display menus 

    Error: expect(page).toHaveTitle(expected) failed

    Expected pattern: /Thanksgiving Menu Collection/
    Received string:  ""
    Timeout: 5000ms

    Call log:
      - Expect "toHaveTitle" with timeout 5000ms
        9 × unexpected value ""


       6 |     
       7 |     // Check page title
    >  8 |     await expect(page).toHaveTitle(/Thanksgiving Menu Collection/);
         |                        ^
       9 |     
      10 |     // Check main heading
      11 |     await expect(page.locator('h1')).toContainText('Thanksgiving Menu Collection');
        at /Users/bobmaguire/repos/thanksgiving/tests/e2e/smoke.spec.ts:8:24

    attachment #1: screenshot (image/png) ──────────────────────────────────────────────────────────
    ../../test-results/smoke-Smoke-Tests---End-to-b1c3a-ould-load-and-display-menus-Mobile-Safari/test-failed-1.png
    ────────────────────────────────────────────────────────────────────────────────────────────────

    attachment #2: video (video/webm) ──────────────────────────────────────────────────────────────
    ../../test-results/smoke-Smoke-Tests---End-to-b1c3a-ould-load-and-display-menus-Mobile-Safari/video.webm
    ────────────────────────────────────────────────────────────────────────────────────────────────

    Error Context: ../../test-results/smoke-Smoke-Tests---End-to-b1c3a-ould-load-and-display-menus-Mobile-Safari/error-context.md
]]>
</failure>
<system-out>
<![CDATA[
[[ATTACHMENT|smoke-Smoke-Tests---End-to-b1c3a-ould-load-and-display-menus-Mobile-Safari/test-failed-1.png]]

[[ATTACHMENT|smoke-Smoke-Tests---End-to-b1c3a-ould-load-and-display-menus-Mobile-Safari/video.webm]]

[[ATTACHMENT|smoke-Smoke-Tests---End-to-b1c3a-ould-load-and-display-menus-Mobile-Safari/error-context.md]]
]]>
</system-out>
</testcase>
<testcase name="Smoke Tests - End-to-End › should navigate to menu detail page" classname="smoke.spec.ts" time="5.314">
<failure message="smoke.spec.ts:26:7 should navigate to menu detail page" type="FAILURE">
<![CDATA[  [Mobile Safari] › smoke.spec.ts:26:7 › Smoke Tests - End-to-End › should navigate to menu detail page 

    Error: expect(locator).toBeVisible() failed

    Locator:  locator('.btn-view-details').first()
    Expected: visible
    Received: <element(s) not found>
    Timeout:  5000ms

    Call log:
      - Expect "toBeVisible" with timeout 5000ms
      - waiting for locator('.btn-view-details').first()


      29 |     // Click on the first "View Details" button (using btn-view-details class)
      30 |     const firstViewDetailsButton = page.locator('.btn-view-details').first();
    > 31 |     await expect(firstViewDetailsButton).toBeVisible();
         |                                          ^
      32 |     await firstViewDetailsButton.click();
      33 |     
      34 |     // Should navigate to detail page
        at /Users/bobmaguire/repos/thanksgiving/tests/e2e/smoke.spec.ts:31:42

    attachment #1: screenshot (image/png) ──────────────────────────────────────────────────────────
    ../../test-results/smoke-Smoke-Tests---End-to-91342-avigate-to-menu-detail-page-Mobile-Safari/test-failed-1.png
    ────────────────────────────────────────────────────────────────────────────────────────────────

    attachment #2: video (video/webm) ──────────────────────────────────────────────────────────────
    ../../test-results/smoke-Smoke-Tests---End-to-91342-avigate-to-menu-detail-page-Mobile-Safari/video.webm
    ────────────────────────────────────────────────────────────────────────────────────────────────

    Error Context: ../../test-results/smoke-Smoke-Tests---End-to-91342-avigate-to-menu-detail-page-Mobile-Safari/error-context.md
]]>
</failure>
<system-out>
<![CDATA[
[[ATTACHMENT|smoke-Smoke-Tests---End-to-91342-avigate-to-menu-detail-page-Mobile-Safari/test-failed-1.png]]

[[ATTACHMENT|smoke-Smoke-Tests---End-to-91342-avigate-to-menu-detail-page-Mobile-Safari/video.webm]]

[[ATTACHMENT|smoke-Smoke-Tests---End-to-91342-avigate-to-menu-detail-page-Mobile-Safari/error-context.md]]
]]>
</system-out>
</testcase>
<testcase name="Smoke Tests - End-to-End › version API should return correct response" classname="smoke.spec.ts" time="0.552">
<failure message="smoke.spec.ts:42:7 version API should return correct response" type="FAILURE">
<![CDATA[  [Mobile Safari] › smoke.spec.ts:42:7 › Smoke Tests - End-to-End › version API should return correct response 

    Error: expect(received).toBe(expected) // Object.is equality

    Expected: 200
    Received: 429

      43 |     const response = await page.request.get('/api/v1/version/display');
      44 |     
    > 45 |     expect(response.status()).toBe(200);
         |                               ^
      46 |     
      47 |     const data = await response.json();
      48 |     expect(data).toMatchObject({
        at /Users/bobmaguire/repos/thanksgiving/tests/e2e/smoke.spec.ts:45:31

    attachment #1: screenshot (image/png) ──────────────────────────────────────────────────────────
    ../../test-results/smoke-Smoke-Tests---End-to-54efa-uld-return-correct-response-Mobile-Safari/test-failed-1.png
    ────────────────────────────────────────────────────────────────────────────────────────────────

    attachment #2: video (video/webm) ──────────────────────────────────────────────────────────────
    ../../test-results/smoke-Smoke-Tests---End-to-54efa-uld-return-correct-response-Mobile-Safari/video.webm
    ────────────────────────────────────────────────────────────────────────────────────────────────
]]>
</failure>
<system-out>
<![CDATA[
[[ATTACHMENT|smoke-Smoke-Tests---End-to-54efa-uld-return-correct-response-Mobile-Safari/test-failed-1.png]]

[[ATTACHMENT|smoke-Smoke-Tests---End-to-54efa-uld-return-correct-response-Mobile-Safari/video.webm]]
]]>
</system-out>
</testcase>
<testcase name="Smoke Tests - End-to-End › database setup API should work" classname="smoke.spec.ts" time="0.531">
<failure message="smoke.spec.ts:58:7 database setup API should work" type="FAILURE">
<![CDATA[  [Mobile Safari] › smoke.spec.ts:58:7 › Smoke Tests - End-to-End › database setup API should work ─

    Error: expect(received).toBe(expected) // Object.is equality

    Expected: 200
    Received: 429

      59 |     const response = await page.request.get('/api/setup-database');
      60 |     
    > 61 |     expect(response.status()).toBe(200);
         |                               ^
      62 |     
      63 |     const data = await response.json();
      64 |     expect(data).toMatchObject({
        at /Users/bobmaguire/repos/thanksgiving/tests/e2e/smoke.spec.ts:61:31

    attachment #1: screenshot (image/png) ──────────────────────────────────────────────────────────
    ../../test-results/smoke-Smoke-Tests---End-to-d1b4e-abase-setup-API-should-work-Mobile-Safari/test-failed-1.png
    ────────────────────────────────────────────────────────────────────────────────────────────────

    attachment #2: video (video/webm) ──────────────────────────────────────────────────────────────
    ../../test-results/smoke-Smoke-Tests---End-to-d1b4e-abase-setup-API-should-work-Mobile-Safari/video.webm
    ────────────────────────────────────────────────────────────────────────────────────────────────
]]>
</failure>
<system-out>
<![CDATA[
[[ATTACHMENT|smoke-Smoke-Tests---End-to-d1b4e-abase-setup-API-should-work-Mobile-Safari/test-failed-1.png]]

[[ATTACHMENT|smoke-Smoke-Tests---End-to-d1b4e-abase-setup-API-should-work-Mobile-Safari/video.webm]]
]]>
</system-out>
</testcase>
<testcase name="Smoke Tests - End-to-End › should display Grandma Maguire image correctly" classname="smoke.spec.ts" time="5.307">
<failure message="smoke.spec.ts:82:7 should display Grandma Maguire image correctly" type="FAILURE">
<![CDATA[  [Mobile Safari] › smoke.spec.ts:82:7 › Smoke Tests - End-to-End › should display Grandma Maguire image correctly 

    Error: expect(locator).toBeVisible() failed

    Locator:  locator('img[src*="Grandma80s"]')
    Expected: visible
    Received: <element(s) not found>
    Timeout:  5000ms

    Call log:
      - Expect "toBeVisible" with timeout 5000ms
      - waiting for locator('img[src*="Grandma80s"]')


      85 |     // Check that Grandma's image is visible
      86 |     const grandmaImage = page.locator('img[src*="Grandma80s"]');
    > 87 |     await expect(grandmaImage).toBeVisible();
         |                                ^
      88 |     
      89 |     // Check that the stats section layout is correct (use first one)
      90 |     const statsSection = page.locator('.stats-section').first();
        at /Users/bobmaguire/repos/thanksgiving/tests/e2e/smoke.spec.ts:87:32

    attachment #1: screenshot (image/png) ──────────────────────────────────────────────────────────
    ../../test-results/smoke-Smoke-Tests---End-to-71030-dma-Maguire-image-correctly-Mobile-Safari/test-failed-1.png
    ────────────────────────────────────────────────────────────────────────────────────────────────

    attachment #2: video (video/webm) ──────────────────────────────────────────────────────────────
    ../../test-results/smoke-Smoke-Tests---End-to-71030-dma-Maguire-image-correctly-Mobile-Safari/video.webm
    ────────────────────────────────────────────────────────────────────────────────────────────────

    Error Context: ../../test-results/smoke-Smoke-Tests---End-to-71030-dma-Maguire-image-correctly-Mobile-Safari/error-context.md
]]>
</failure>
<system-out>
<![CDATA[
[[ATTACHMENT|smoke-Smoke-Tests---End-to-71030-dma-Maguire-image-correctly-Mobile-Safari/test-failed-1.png]]

[[ATTACHMENT|smoke-Smoke-Tests---End-to-71030-dma-Maguire-image-correctly-Mobile-Safari/video.webm]]

[[ATTACHMENT|smoke-Smoke-Tests---End-to-71030-dma-Maguire-image-correctly-Mobile-Safari/error-context.md]]
]]>
</system-out>
</testcase>
<testcase name="Smoke Tests - End-to-End › should be responsive on mobile" classname="smoke.spec.ts" time="0.334">
<failure message="smoke.spec.ts:94:7 should be responsive on mobile" type="FAILURE">
<![CDATA[  [Mobile Safari] › smoke.spec.ts:94:7 › Smoke Tests - End-to-End › should be responsive on mobile ─

    Error: expect(received).toBeLessThanOrEqual(expected)

    Expected: <= 375
    Received:    964.0000610351562

      100 |     const body = page.locator('body');
      101 |     const boundingBox = await body.boundingBox();
    > 102 |     expect(boundingBox?.width).toBeLessThanOrEqual(375);
          |                                ^
      103 |     
      104 |     // Check that menu cards stack vertically
      105 |     const menuCards = page.locator('.menu-card');
        at /Users/bobmaguire/repos/thanksgiving/tests/e2e/smoke.spec.ts:102:32

    attachment #1: screenshot (image/png) ──────────────────────────────────────────────────────────
    ../../test-results/smoke-Smoke-Tests---End-to-9a03d-uld-be-responsive-on-mobile-Mobile-Safari/test-failed-1.png
    ────────────────────────────────────────────────────────────────────────────────────────────────

    attachment #2: video (video/webm) ──────────────────────────────────────────────────────────────
    ../../test-results/smoke-Smoke-Tests---End-to-9a03d-uld-be-responsive-on-mobile-Mobile-Safari/video.webm
    ────────────────────────────────────────────────────────────────────────────────────────────────

    Error Context: ../../test-results/smoke-Smoke-Tests---End-to-9a03d-uld-be-responsive-on-mobile-Mobile-Safari/error-context.md
]]>
</failure>
<system-out>
<![CDATA[
[[ATTACHMENT|smoke-Smoke-Tests---End-to-9a03d-uld-be-responsive-on-mobile-Mobile-Safari/test-failed-1.png]]

[[ATTACHMENT|smoke-Smoke-Tests---End-to-9a03d-uld-be-responsive-on-mobile-Mobile-Safari/video.webm]]

[[ATTACHMENT|smoke-Smoke-Tests---End-to-9a03d-uld-be-responsive-on-mobile-Mobile-Safari/error-context.md]]
]]>
</system-out>
</testcase>
<testcase name="Smoke Tests - End-to-End › should handle 404 pages gracefully" classname="smoke.spec.ts" time="0.328">
<failure message="smoke.spec.ts:109:7 should handle 404 pages gracefully" type="FAILURE">
<![CDATA[  [Mobile Safari] › smoke.spec.ts:109:7 › Smoke Tests - End-to-End › should handle 404 pages gracefully 

    Error: expect(received).toBe(expected) // Object.is equality

    Expected: 404
    Received: 429

      109 |   test('should handle 404 pages gracefully', async ({ page }) => {
      110 |     const response = await page.goto('/nonexistent-page');
    > 111 |     expect(response?.status()).toBe(404);
          |                                ^
      112 |     
      113 |     // Check that error page is displayed
      114 |     await expect(page.locator('h1')).toContainText('Error');
        at /Users/bobmaguire/repos/thanksgiving/tests/e2e/smoke.spec.ts:111:32

    attachment #1: screenshot (image/png) ──────────────────────────────────────────────────────────
    ../../test-results/smoke-Smoke-Tests---End-to-482a8-handle-404-pages-gracefully-Mobile-Safari/test-failed-1.png
    ────────────────────────────────────────────────────────────────────────────────────────────────

    attachment #2: video (video/webm) ──────────────────────────────────────────────────────────────
    ../../test-results/smoke-Smoke-Tests---End-to-482a8-handle-404-pages-gracefully-Mobile-Safari/video.webm
    ────────────────────────────────────────────────────────────────────────────────────────────────

    Error Context: ../../test-results/smoke-Smoke-Tests---End-to-482a8-handle-404-pages-gracefully-Mobile-Safari/error-context.md
]]>
</failure>
<system-out>
<![CDATA[
[[ATTACHMENT|smoke-Smoke-Tests---End-to-482a8-handle-404-pages-gracefully-Mobile-Safari/test-failed-1.png]]

[[ATTACHMENT|smoke-Smoke-Tests---End-to-482a8-handle-404-pages-gracefully-Mobile-Safari/video.webm]]

[[ATTACHMENT|smoke-Smoke-Tests---End-to-482a8-handle-404-pages-gracefully-Mobile-Safari/error-context.md]]
]]>
</system-out>
</testcase>
<testcase name="Smoke Tests - End-to-End › should load all required CSS and JavaScript" classname="smoke.spec.ts" time="5.314">
<failure message="smoke.spec.ts:117:7 should load all required CSS and JavaScript" type="FAILURE">
<![CDATA[  [Mobile Safari] › smoke.spec.ts:117:7 › Smoke Tests - End-to-End › should load all required CSS and JavaScript 

    Error: expect(locator).toHaveCount(expected) failed

    Locator:  locator('link[href*="bootstrap"]')
    Expected: 1
    Received: 0
    Timeout:  5000ms

    Call log:
      - Expect "toHaveCount" with timeout 5000ms
      - waiting for locator('link[href*="bootstrap"]')
        9 × locator resolved to 0 elements
          - unexpected value "0"


      120 |     // Check that Bootstrap CSS is loaded
      121 |     const bootstrapCSS = page.locator('link[href*="bootstrap"]');
    > 122 |     await expect(bootstrapCSS).toHaveCount(1);
          |                                ^
      123 |     
      124 |     // Check that Bootstrap JS is loaded
      125 |     const bootstrapJS = page.locator('script[src*="bootstrap"]');
        at /Users/bobmaguire/repos/thanksgiving/tests/e2e/smoke.spec.ts:122:32

    attachment #1: screenshot (image/png) ──────────────────────────────────────────────────────────
    ../../test-results/smoke-Smoke-Tests---End-to-a8fac-required-CSS-and-JavaScript-Mobile-Safari/test-failed-1.png
    ────────────────────────────────────────────────────────────────────────────────────────────────

    attachment #2: video (video/webm) ──────────────────────────────────────────────────────────────
    ../../test-results/smoke-Smoke-Tests---End-to-a8fac-required-CSS-and-JavaScript-Mobile-Safari/video.webm
    ────────────────────────────────────────────────────────────────────────────────────────────────

    Error Context: ../../test-results/smoke-Smoke-Tests---End-to-a8fac-required-CSS-and-JavaScript-Mobile-Safari/error-context.md
]]>
</failure>
<system-out>
<![CDATA[
[[ATTACHMENT|smoke-Smoke-Tests---End-to-a8fac-required-CSS-and-JavaScript-Mobile-Safari/test-failed-1.png]]

[[ATTACHMENT|smoke-Smoke-Tests---End-to-a8fac-required-CSS-and-JavaScript-Mobile-Safari/video.webm]]

[[ATTACHMENT|smoke-Smoke-Tests---End-to-a8fac-required-CSS-and-JavaScript-Mobile-Safari/error-context.md]]
]]>
</system-out>
</testcase>
<testcase name="Smoke Tests - End-to-End › should have proper meta tags" classname="smoke.spec.ts" time="5.303">
<failure message="smoke.spec.ts:133:7 should have proper meta tags" type="FAILURE">
<![CDATA[  [Mobile Safari] › smoke.spec.ts:133:7 › Smoke Tests - End-to-End › should have proper meta tags ──

    Error: expect(locator).toHaveAttribute(expected) failed

    Locator: locator('meta[name="viewport"]')
    Expected pattern: /width=device-width, initial-scale=1\.?0?/
    Received: <element(s) not found>
    Timeout: 5000ms

    Call log:
      - Expect "toHaveAttribute" with timeout 5000ms
      - waiting for locator('meta[name="viewport"]')


      136 |     // Check viewport meta tag (accept both 1 and 1.0)
      137 |     const viewport = page.locator('meta[name="viewport"]');
    > 138 |     await expect(viewport).toHaveAttribute('content', /width=device-width, initial-scale=1\.?0?/);
          |                            ^
      139 |     
      140 |     // Check charset
      141 |     const charset = page.locator('meta[charset]');
        at /Users/bobmaguire/repos/thanksgiving/tests/e2e/smoke.spec.ts:138:28

    attachment #1: screenshot (image/png) ──────────────────────────────────────────────────────────
    ../../test-results/smoke-Smoke-Tests---End-to-End-should-have-proper-meta-tags-Mobile-Safari/test-failed-1.png
    ────────────────────────────────────────────────────────────────────────────────────────────────

    attachment #2: video (video/webm) ──────────────────────────────────────────────────────────────
    ../../test-results/smoke-Smoke-Tests---End-to-End-should-have-proper-meta-tags-Mobile-Safari/video.webm
    ────────────────────────────────────────────────────────────────────────────────────────────────

    Error Context: ../../test-results/smoke-Smoke-Tests---End-to-End-should-have-proper-meta-tags-Mobile-Safari/error-context.md
]]>
</failure>
<system-out>
<![CDATA[
[[ATTACHMENT|smoke-Smoke-Tests---End-to-End-should-have-proper-meta-tags-Mobile-Safari/test-failed-1.png]]

[[ATTACHMENT|smoke-Smoke-Tests---End-to-End-should-have-proper-meta-tags-Mobile-Safari/video.webm]]

[[ATTACHMENT|smoke-Smoke-Tests---End-to-End-should-have-proper-meta-tags-Mobile-Safari/error-context.md]]
]]>
</system-out>
</testcase>
</testsuite>
</testsuites>